mode: set
github.com/VinMeld/go-send/internal/client/auth.go:15.13,17.2 1 1
github.com/VinMeld/go-send/internal/client/auth.go:22.47,23.33 1 1
github.com/VinMeld/go-send/internal/client/auth.go:23.33,26.4 2 0
github.com/VinMeld/go-send/internal/client/auth.go:27.3,27.41 1 1
github.com/VinMeld/go-send/internal/client/auth.go:32.20,33.31 1 1
github.com/VinMeld/go-send/internal/client/auth.go:33.31,35.3 1 0
github.com/VinMeld/go-send/internal/client/auth.go:38.2,39.16 2 1
github.com/VinMeld/go-send/internal/client/auth.go:39.16,41.3 1 0
github.com/VinMeld/go-send/internal/client/auth.go:42.2,42.15 1 1
github.com/VinMeld/go-send/internal/client/auth.go:42.15,42.40 1 1
github.com/VinMeld/go-send/internal/client/auth.go:44.2,44.38 1 1
github.com/VinMeld/go-send/internal/client/auth.go:44.38,47.3 2 0
github.com/VinMeld/go-send/internal/client/auth.go:49.2,50.70 2 1
github.com/VinMeld/go-send/internal/client/auth.go:50.70,52.3 1 0
github.com/VinMeld/go-send/internal/client/auth.go:55.2,56.9 2 1
github.com/VinMeld/go-send/internal/client/auth.go:56.9,58.3 1 0
github.com/VinMeld/go-send/internal/client/auth.go:60.2,71.16 5 1
github.com/VinMeld/go-send/internal/client/auth.go:71.16,73.3 1 0
github.com/VinMeld/go-send/internal/client/auth.go:74.2,74.15 1 1
github.com/VinMeld/go-send/internal/client/auth.go:74.15,74.40 1 1
github.com/VinMeld/go-send/internal/client/auth.go:76.2,76.38 1 1
github.com/VinMeld/go-send/internal/client/auth.go:76.38,79.3 2 0
github.com/VinMeld/go-send/internal/client/auth.go:81.2,82.68 2 1
github.com/VinMeld/go-send/internal/client/auth.go:82.68,84.3 1 0
github.com/VinMeld/go-send/internal/client/auth.go:87.2,88.27 2 1
github.com/VinMeld/go-send/internal/client/auth.go:92.38,94.9 2 1
github.com/VinMeld/go-send/internal/client/auth.go:94.9,96.33 1 0
github.com/VinMeld/go-send/internal/client/auth.go:96.33,98.4 1 0
github.com/VinMeld/go-send/internal/client/auth.go:99.3,99.49 1 0
github.com/VinMeld/go-send/internal/client/auth.go:101.2,101.31 1 1
github.com/VinMeld/go-send/internal/client/config.go:22.47,24.16 2 1
github.com/VinMeld/go-send/internal/client/config.go:24.16,25.25 1 1
github.com/VinMeld/go-send/internal/client/config.go:25.25,33.4 1 1
github.com/VinMeld/go-send/internal/client/config.go:34.3,34.18 1 0
github.com/VinMeld/go-send/internal/client/config.go:37.2,38.51 2 1
github.com/VinMeld/go-send/internal/client/config.go:38.51,40.3 1 0
github.com/VinMeld/go-send/internal/client/config.go:41.2,41.22 1 1
github.com/VinMeld/go-send/internal/client/config.go:41.22,43.3 1 0
github.com/VinMeld/go-send/internal/client/config.go:44.2,44.36 1 1
github.com/VinMeld/go-send/internal/client/config.go:44.36,46.3 1 0
github.com/VinMeld/go-send/internal/client/config.go:47.2,47.36 1 1
github.com/VinMeld/go-send/internal/client/config.go:47.36,49.3 1 0
github.com/VinMeld/go-send/internal/client/config.go:50.2,50.30 1 1
github.com/VinMeld/go-send/internal/client/config.go:50.30,52.3 1 0
github.com/VinMeld/go-send/internal/client/config.go:53.2,53.18 1 1
github.com/VinMeld/go-send/internal/client/config.go:56.49,58.47 2 1
github.com/VinMeld/go-send/internal/client/config.go:58.47,60.3 1 0
github.com/VinMeld/go-send/internal/client/config.go:62.2,63.16 2 1
github.com/VinMeld/go-send/internal/client/config.go:63.16,65.3 1 0
github.com/VinMeld/go-send/internal/client/config.go:66.2,66.39 1 1
github.com/VinMeld/go-send/internal/client/config.go:69.38,71.16 2 0
github.com/VinMeld/go-send/internal/client/config.go:71.16,73.3 1 0
github.com/VinMeld/go-send/internal/client/config.go:74.2,74.64 1 0
github.com/VinMeld/go-send/internal/client/delete_cmd.go:10.13,12.2 1 1
github.com/VinMeld/go-send/internal/client/delete_cmd.go:18.47,21.32 2 0
github.com/VinMeld/go-send/internal/client/delete_cmd.go:21.32,24.4 2 0
github.com/VinMeld/go-send/internal/client/delete_cmd.go:26.3,27.17 2 0
github.com/VinMeld/go-send/internal/client/delete_cmd.go:27.17,30.4 2 0
github.com/VinMeld/go-send/internal/client/delete_cmd.go:32.3,33.17 2 0
github.com/VinMeld/go-send/internal/client/delete_cmd.go:33.17,36.4 2 0
github.com/VinMeld/go-send/internal/client/delete_cmd.go:37.3,41.17 4 0
github.com/VinMeld/go-send/internal/client/delete_cmd.go:41.17,44.4 2 0
github.com/VinMeld/go-send/internal/client/delete_cmd.go:45.3,45.16 1 0
github.com/VinMeld/go-send/internal/client/delete_cmd.go:45.16,45.41 1 0
github.com/VinMeld/go-send/internal/client/delete_cmd.go:47.3,47.39 1 0
github.com/VinMeld/go-send/internal/client/delete_cmd.go:47.39,50.4 2 0
github.com/VinMeld/go-send/internal/client/delete_cmd.go:52.3,52.44 1 0
github.com/VinMeld/go-send/internal/client/download_cmd.go:15.13,17.2 1 1
github.com/VinMeld/go-send/internal/client/download_cmd.go:23.47,28.52 3 1
github.com/VinMeld/go-send/internal/client/download_cmd.go:28.52,29.54 1 1
github.com/VinMeld/go-send/internal/client/download_cmd.go:29.54,32.5 2 1
github.com/VinMeld/go-send/internal/client/download_cmd.go:32.10,35.5 2 0
github.com/VinMeld/go-send/internal/client/download_cmd.go:36.9,38.4 1 0
github.com/VinMeld/go-send/internal/client/download_cmd.go:39.3,39.32 1 1
github.com/VinMeld/go-send/internal/client/download_cmd.go:39.32,42.4 2 0
github.com/VinMeld/go-send/internal/client/download_cmd.go:45.3,46.17 2 1
github.com/VinMeld/go-send/internal/client/download_cmd.go:46.17,49.4 2 0
github.com/VinMeld/go-send/internal/client/download_cmd.go:51.3,52.17 2 1
github.com/VinMeld/go-send/internal/client/download_cmd.go:52.17,55.4 2 0
github.com/VinMeld/go-send/internal/client/download_cmd.go:56.3,60.17 4 1
github.com/VinMeld/go-send/internal/client/download_cmd.go:60.17,63.4 2 0
github.com/VinMeld/go-send/internal/client/download_cmd.go:64.3,64.16 1 1
github.com/VinMeld/go-send/internal/client/download_cmd.go:64.16,64.41 1 1
github.com/VinMeld/go-send/internal/client/download_cmd.go:66.3,66.39 1 1
github.com/VinMeld/go-send/internal/client/download_cmd.go:66.39,69.4 2 0
github.com/VinMeld/go-send/internal/client/download_cmd.go:71.3,72.65 2 1
github.com/VinMeld/go-send/internal/client/download_cmd.go:72.65,75.4 2 0
github.com/VinMeld/go-send/internal/client/download_cmd.go:79.3,80.10 2 1
github.com/VinMeld/go-send/internal/client/download_cmd.go:80.10,83.4 2 0
github.com/VinMeld/go-send/internal/client/download_cmd.go:84.3,89.43 4 1
github.com/VinMeld/go-send/internal/client/download_cmd.go:89.43,92.4 2 0
github.com/VinMeld/go-send/internal/client/download_cmd.go:93.3,97.17 3 1
github.com/VinMeld/go-send/internal/client/download_cmd.go:97.17,100.4 2 1
github.com/VinMeld/go-send/internal/client/download_cmd.go:103.3,104.67 2 0
github.com/VinMeld/go-send/internal/client/download_cmd.go:104.67,107.4 2 0
github.com/VinMeld/go-send/internal/client/download_cmd.go:109.3,109.66 1 0
github.com/VinMeld/go-send/internal/client/list_cmd.go:13.13,15.2 1 1
github.com/VinMeld/go-send/internal/client/list_cmd.go:20.47,21.32 1 1
github.com/VinMeld/go-send/internal/client/list_cmd.go:21.32,24.4 2 0
github.com/VinMeld/go-send/internal/client/list_cmd.go:26.3,27.17 2 1
github.com/VinMeld/go-send/internal/client/list_cmd.go:27.17,30.4 2 0
github.com/VinMeld/go-send/internal/client/list_cmd.go:32.3,33.17 2 1
github.com/VinMeld/go-send/internal/client/list_cmd.go:33.17,36.4 2 0
github.com/VinMeld/go-send/internal/client/list_cmd.go:37.3,41.17 4 1
github.com/VinMeld/go-send/internal/client/list_cmd.go:41.17,44.4 2 0
github.com/VinMeld/go-send/internal/client/list_cmd.go:45.3,45.16 1 1
github.com/VinMeld/go-send/internal/client/list_cmd.go:45.16,45.41 1 1
github.com/VinMeld/go-send/internal/client/list_cmd.go:47.3,47.39 1 1
github.com/VinMeld/go-send/internal/client/list_cmd.go:47.39,50.4 2 0
github.com/VinMeld/go-send/internal/client/list_cmd.go:52.3,53.67 2 1
github.com/VinMeld/go-send/internal/client/list_cmd.go:53.67,56.4 2 0
github.com/VinMeld/go-send/internal/client/list_cmd.go:59.3,60.27 2 1
github.com/VinMeld/go-send/internal/client/list_cmd.go:60.27,62.4 1 1
github.com/VinMeld/go-send/internal/client/list_cmd.go:63.3,63.44 1 1
github.com/VinMeld/go-send/internal/client/list_cmd.go:63.44,65.4 1 0
github.com/VinMeld/go-send/internal/client/list_cmd.go:67.3,68.27 2 1
github.com/VinMeld/go-send/internal/client/list_cmd.go:68.27,70.4 1 1
github.com/VinMeld/go-send/internal/client/ping_cmd.go:11.13,13.2 1 1
github.com/VinMeld/go-send/internal/client/ping_cmd.go:18.47,20.16 2 0
github.com/VinMeld/go-send/internal/client/ping_cmd.go:20.16,23.4 2 0
github.com/VinMeld/go-send/internal/client/ping_cmd.go:25.3,28.17 4 0
github.com/VinMeld/go-send/internal/client/ping_cmd.go:28.17,31.4 2 0
github.com/VinMeld/go-send/internal/client/ping_cmd.go:32.3,32.16 1 0
github.com/VinMeld/go-send/internal/client/ping_cmd.go:32.16,32.41 1 0
github.com/VinMeld/go-send/internal/client/ping_cmd.go:33.3,35.39 2 0
github.com/VinMeld/go-send/internal/client/ping_cmd.go:35.39,37.4 1 0
github.com/VinMeld/go-send/internal/client/ping_cmd.go:37.9,39.4 1 0
github.com/VinMeld/go-send/internal/client/register_cmd.go:13.13,16.2 2 1
github.com/VinMeld/go-send/internal/client/register_cmd.go:21.47,24.32 2 1
github.com/VinMeld/go-send/internal/client/register_cmd.go:24.32,27.4 2 0
github.com/VinMeld/go-send/internal/client/register_cmd.go:30.3,30.65 1 1
github.com/VinMeld/go-send/internal/client/register_cmd.go:30.65,34.4 3 0
github.com/VinMeld/go-send/internal/client/register_cmd.go:35.3,35.65 1 1
github.com/VinMeld/go-send/internal/client/register_cmd.go:35.65,38.4 2 0
github.com/VinMeld/go-send/internal/client/register_cmd.go:42.3,43.10 2 1
github.com/VinMeld/go-send/internal/client/register_cmd.go:43.10,46.4 2 0
github.com/VinMeld/go-send/internal/client/register_cmd.go:55.3,58.17 3 1
github.com/VinMeld/go-send/internal/client/register_cmd.go:58.17,61.4 2 0
github.com/VinMeld/go-send/internal/client/register_cmd.go:63.3,64.17 2 1
github.com/VinMeld/go-send/internal/client/register_cmd.go:64.17,67.4 2 0
github.com/VinMeld/go-send/internal/client/register_cmd.go:68.3,69.18 2 1
github.com/VinMeld/go-send/internal/client/register_cmd.go:69.18,71.4 1 1
github.com/VinMeld/go-send/internal/client/register_cmd.go:73.3,75.17 3 1
github.com/VinMeld/go-send/internal/client/register_cmd.go:75.17,78.4 2 0
github.com/VinMeld/go-send/internal/client/register_cmd.go:79.3,79.16 1 1
github.com/VinMeld/go-send/internal/client/register_cmd.go:79.16,79.41 1 1
github.com/VinMeld/go-send/internal/client/register_cmd.go:81.3,81.44 1 1
github.com/VinMeld/go-send/internal/client/register_cmd.go:81.44,85.4 3 0
github.com/VinMeld/go-send/internal/client/register_cmd.go:87.3,87.47 1 1
github.com/VinMeld/go-send/internal/client/root.go:20.22,22.2 1 0
github.com/VinMeld/go-send/internal/client/root.go:24.13,27.2 2 1
github.com/VinMeld/go-send/internal/client/root.go:29.19,32.16 3 1
github.com/VinMeld/go-send/internal/client/root.go:32.16,34.17 2 0
github.com/VinMeld/go-send/internal/client/root.go:34.17,37.4 2 0
github.com/VinMeld/go-send/internal/client/root.go:40.2,41.16 2 1
github.com/VinMeld/go-send/internal/client/root.go:41.16,44.3 2 0
github.com/VinMeld/go-send/internal/client/root.go:47.34,49.2 1 1
github.com/VinMeld/go-send/internal/client/root.go:51.26,53.2 1 0
github.com/VinMeld/go-send/internal/client/root.go:55.31,57.16 2 1
github.com/VinMeld/go-send/internal/client/root.go:57.16,60.17 3 0
github.com/VinMeld/go-send/internal/client/root.go:60.17,62.4 1 0
github.com/VinMeld/go-send/internal/client/root.go:64.2,64.30 1 1
github.com/VinMeld/go-send/internal/client/send_cmd.go:17.13,20.2 2 1
github.com/VinMeld/go-send/internal/client/send_cmd.go:26.47,32.21 4 1
github.com/VinMeld/go-send/internal/client/send_cmd.go:32.21,36.4 2 0
github.com/VinMeld/go-send/internal/client/send_cmd.go:36.9,40.4 2 1
github.com/VinMeld/go-send/internal/client/send_cmd.go:42.3,42.22 1 1
github.com/VinMeld/go-send/internal/client/send_cmd.go:42.22,45.4 2 0
github.com/VinMeld/go-send/internal/client/send_cmd.go:48.3,49.10 2 1
github.com/VinMeld/go-send/internal/client/send_cmd.go:49.10,52.18 3 0
github.com/VinMeld/go-send/internal/client/send_cmd.go:52.18,55.5 2 0
github.com/VinMeld/go-send/internal/client/send_cmd.go:56.4,56.17 1 0
github.com/VinMeld/go-send/internal/client/send_cmd.go:56.17,56.42 1 0
github.com/VinMeld/go-send/internal/client/send_cmd.go:58.4,58.40 1 0
github.com/VinMeld/go-send/internal/client/send_cmd.go:58.40,60.73 2 0
github.com/VinMeld/go-send/internal/client/send_cmd.go:60.73,63.6 2 0
github.com/VinMeld/go-send/internal/client/send_cmd.go:64.5,64.87 1 0
github.com/VinMeld/go-send/internal/client/send_cmd.go:64.87,67.6 2 0
github.com/VinMeld/go-send/internal/client/send_cmd.go:69.5,70.46 2 0
github.com/VinMeld/go-send/internal/client/send_cmd.go:70.46,72.6 1 0
github.com/VinMeld/go-send/internal/client/send_cmd.go:72.11,74.6 1 0
github.com/VinMeld/go-send/internal/client/send_cmd.go:75.5,75.30 1 0
github.com/VinMeld/go-send/internal/client/send_cmd.go:76.10,79.5 2 0
github.com/VinMeld/go-send/internal/client/send_cmd.go:81.3,86.17 4 1
github.com/VinMeld/go-send/internal/client/send_cmd.go:86.17,89.4 2 0
github.com/VinMeld/go-send/internal/client/send_cmd.go:91.3,93.17 3 1
github.com/VinMeld/go-send/internal/client/send_cmd.go:93.17,96.4 2 0
github.com/VinMeld/go-send/internal/client/send_cmd.go:98.3,99.17 2 1
github.com/VinMeld/go-send/internal/client/send_cmd.go:99.17,102.4 2 0
github.com/VinMeld/go-send/internal/client/send_cmd.go:105.3,117.17 3 1
github.com/VinMeld/go-send/internal/client/send_cmd.go:117.17,120.4 2 0
github.com/VinMeld/go-send/internal/client/send_cmd.go:122.3,123.17 2 1
github.com/VinMeld/go-send/internal/client/send_cmd.go:123.17,126.4 2 0
github.com/VinMeld/go-send/internal/client/send_cmd.go:128.3,129.17 2 1
github.com/VinMeld/go-send/internal/client/send_cmd.go:129.17,132.4 2 0
github.com/VinMeld/go-send/internal/client/send_cmd.go:133.3,138.17 5 1
github.com/VinMeld/go-send/internal/client/send_cmd.go:138.17,141.4 2 0
github.com/VinMeld/go-send/internal/client/send_cmd.go:142.3,142.16 1 1
github.com/VinMeld/go-send/internal/client/send_cmd.go:142.16,142.41 1 1
github.com/VinMeld/go-send/internal/client/send_cmd.go:144.3,144.44 1 1
github.com/VinMeld/go-send/internal/client/send_cmd.go:144.44,148.4 3 0
github.com/VinMeld/go-send/internal/client/send_cmd.go:150.3,150.41 1 1
github.com/VinMeld/go-send/internal/client/user_cmd.go:12.13,19.2 6 1
github.com/VinMeld/go-send/internal/client/user_cmd.go:25.47,28.44 3 0
github.com/VinMeld/go-send/internal/client/user_cmd.go:28.44,31.4 2 0
github.com/VinMeld/go-send/internal/client/user_cmd.go:32.3,32.44 1 0
github.com/VinMeld/go-send/internal/client/user_cmd.go:39.47,41.21 2 1
github.com/VinMeld/go-send/internal/client/user_cmd.go:41.21,44.4 2 0
github.com/VinMeld/go-send/internal/client/user_cmd.go:47.3,48.17 2 1
github.com/VinMeld/go-send/internal/client/user_cmd.go:48.17,51.4 2 0
github.com/VinMeld/go-send/internal/client/user_cmd.go:54.3,55.17 2 1
github.com/VinMeld/go-send/internal/client/user_cmd.go:55.17,58.4 2 0
github.com/VinMeld/go-send/internal/client/user_cmd.go:61.3,70.71 5 1
github.com/VinMeld/go-send/internal/client/user_cmd.go:70.71,72.4 1 1
github.com/VinMeld/go-send/internal/client/user_cmd.go:74.3,74.44 1 1
github.com/VinMeld/go-send/internal/client/user_cmd.go:74.44,77.4 2 0
github.com/VinMeld/go-send/internal/client/user_cmd.go:78.3,79.26 2 1
github.com/VinMeld/go-send/internal/client/user_cmd.go:79.26,81.4 1 1
github.com/VinMeld/go-send/internal/client/user_cmd.go:82.3,83.95 2 1
github.com/VinMeld/go-send/internal/client/user_cmd.go:91.47,93.54 2 0
github.com/VinMeld/go-send/internal/client/user_cmd.go:93.54,96.4 2 0
github.com/VinMeld/go-send/internal/client/user_cmd.go:97.3,98.44 2 0
github.com/VinMeld/go-send/internal/client/user_cmd.go:98.44,101.4 2 0
github.com/VinMeld/go-send/internal/client/user_cmd.go:102.3,102.51 1 0
github.com/VinMeld/go-send/internal/client/user_cmd.go:110.47,116.17 5 0
github.com/VinMeld/go-send/internal/client/user_cmd.go:116.17,119.4 2 0
github.com/VinMeld/go-send/internal/client/user_cmd.go:120.3,121.17 2 0
github.com/VinMeld/go-send/internal/client/user_cmd.go:121.17,124.4 2 0
github.com/VinMeld/go-send/internal/client/user_cmd.go:126.3,131.44 2 0
github.com/VinMeld/go-send/internal/client/user_cmd.go:131.44,134.4 2 0
github.com/VinMeld/go-send/internal/client/user_cmd.go:135.3,135.42 1 0
github.com/VinMeld/go-send/internal/client/user_cmd.go:142.47,144.31 2 0
github.com/VinMeld/go-send/internal/client/user_cmd.go:144.31,148.4 3 0
github.com/VinMeld/go-send/internal/client/user_cmd.go:156.47,159.44 3 0
github.com/VinMeld/go-send/internal/client/user_cmd.go:159.44,162.4 2 0
github.com/VinMeld/go-send/internal/client/user_cmd.go:163.3,163.44 1 0
github.com/VinMeld/go-send/internal/client/user_cmd.go:167.13,170.2 2 1
