mode: set
github.com/VinMeld/go-send/internal/crypto/crypto.go:18.42,20.16 2 1
github.com/VinMeld/go-send/internal/crypto/crypto.go:20.16,22.3 1 0
github.com/VinMeld/go-send/internal/crypto/crypto.go:23.2,23.50 1 1
github.com/VinMeld/go-send/internal/crypto/crypto.go:28.92,30.62 2 1
github.com/VinMeld/go-send/internal/crypto/crypto.go:30.62,32.3 1 0
github.com/VinMeld/go-send/internal/crypto/crypto.go:34.2,35.23 2 1
github.com/VinMeld/go-send/internal/crypto/crypto.go:40.94,41.25 1 1
github.com/VinMeld/go-send/internal/crypto/crypto.go:41.25,43.3 1 0
github.com/VinMeld/go-send/internal/crypto/crypto.go:45.2,50.9 5 1
github.com/VinMeld/go-send/internal/crypto/crypto.go:50.9,52.3 1 1
github.com/VinMeld/go-send/internal/crypto/crypto.go:53.2,53.23 1 1
github.com/VinMeld/go-send/internal/crypto/crypto.go:57.45,59.60 2 1
github.com/VinMeld/go-send/internal/crypto/crypto.go:59.60,61.6 1 0
github.com/VinMeld/go-send/internal/crypto/crypto.go:62.5,62.20 1 1
github.com/VinMeld/go-send/internal/client/config.go:19.47,21.16 2 1
github.com/VinMeld/go-send/internal/client/config.go:21.16,22.25 1 1
github.com/VinMeld/go-send/internal/client/config.go:22.25,28.4 1 1
github.com/VinMeld/go-send/internal/client/config.go:29.3,29.18 1 0
github.com/VinMeld/go-send/internal/client/config.go:32.2,33.51 2 1
github.com/VinMeld/go-send/internal/client/config.go:33.51,35.3 1 0
github.com/VinMeld/go-send/internal/client/config.go:36.2,36.22 1 1
github.com/VinMeld/go-send/internal/client/config.go:36.22,38.3 1 0
github.com/VinMeld/go-send/internal/client/config.go:39.2,39.28 1 1
github.com/VinMeld/go-send/internal/client/config.go:39.28,41.3 1 0
github.com/VinMeld/go-send/internal/client/config.go:42.2,42.18 1 1
github.com/VinMeld/go-send/internal/client/config.go:45.49,47.47 2 1
github.com/VinMeld/go-send/internal/client/config.go:47.47,49.3 1 0
github.com/VinMeld/go-send/internal/client/config.go:51.2,52.16 2 1
github.com/VinMeld/go-send/internal/client/config.go:52.16,54.3 1 0
github.com/VinMeld/go-send/internal/client/config.go:55.2,55.39 1 1
github.com/VinMeld/go-send/internal/client/config.go:58.38,60.16 2 0
github.com/VinMeld/go-send/internal/client/config.go:60.16,62.3 1 0
github.com/VinMeld/go-send/internal/client/config.go:63.2,63.64 1 0
github.com/VinMeld/go-send/internal/client/download_cmd.go:14.13,16.2 1 1
github.com/VinMeld/go-send/internal/client/download_cmd.go:22.47,24.32 2 1
github.com/VinMeld/go-send/internal/client/download_cmd.go:24.32,27.4 2 0
github.com/VinMeld/go-send/internal/client/download_cmd.go:30.3,31.17 2 1
github.com/VinMeld/go-send/internal/client/download_cmd.go:31.17,34.4 2 0
github.com/VinMeld/go-send/internal/client/download_cmd.go:35.3,37.39 2 1
github.com/VinMeld/go-send/internal/client/download_cmd.go:37.39,40.4 2 1
github.com/VinMeld/go-send/internal/client/download_cmd.go:42.3,43.65 2 1
github.com/VinMeld/go-send/internal/client/download_cmd.go:43.65,46.4 2 0
github.com/VinMeld/go-send/internal/client/download_cmd.go:50.3,51.10 2 1
github.com/VinMeld/go-send/internal/client/download_cmd.go:51.10,54.4 2 0
github.com/VinMeld/go-send/internal/client/download_cmd.go:55.3,60.43 4 1
github.com/VinMeld/go-send/internal/client/download_cmd.go:60.43,63.4 2 1
github.com/VinMeld/go-send/internal/client/download_cmd.go:64.3,68.17 3 1
github.com/VinMeld/go-send/internal/client/download_cmd.go:68.17,71.4 2 1
github.com/VinMeld/go-send/internal/client/download_cmd.go:74.3,76.67 2 0
github.com/VinMeld/go-send/internal/client/download_cmd.go:76.67,79.4 2 0
github.com/VinMeld/go-send/internal/client/download_cmd.go:81.3,81.66 1 0
github.com/VinMeld/go-send/internal/client/list_cmd.go:13.13,15.2 1 1
github.com/VinMeld/go-send/internal/client/list_cmd.go:20.47,21.32 1 1
github.com/VinMeld/go-send/internal/client/list_cmd.go:21.32,24.4 2 0
github.com/VinMeld/go-send/internal/client/list_cmd.go:26.3,27.17 2 1
github.com/VinMeld/go-send/internal/client/list_cmd.go:27.17,30.4 2 0
github.com/VinMeld/go-send/internal/client/list_cmd.go:31.3,33.39 2 1
github.com/VinMeld/go-send/internal/client/list_cmd.go:33.39,36.4 2 1
github.com/VinMeld/go-send/internal/client/list_cmd.go:38.3,39.67 2 1
github.com/VinMeld/go-send/internal/client/list_cmd.go:39.67,42.4 2 0
github.com/VinMeld/go-send/internal/client/list_cmd.go:44.3,45.27 2 1
github.com/VinMeld/go-send/internal/client/list_cmd.go:45.27,47.4 1 1
github.com/VinMeld/go-send/internal/client/ping_cmd.go:11.13,13.2 1 1
github.com/VinMeld/go-send/internal/client/ping_cmd.go:18.47,20.16 2 1
github.com/VinMeld/go-send/internal/client/ping_cmd.go:20.16,23.4 2 0
github.com/VinMeld/go-send/internal/client/ping_cmd.go:25.3,28.17 4 1
github.com/VinMeld/go-send/internal/client/ping_cmd.go:28.17,31.4 2 0
github.com/VinMeld/go-send/internal/client/ping_cmd.go:32.3,35.39 3 1
github.com/VinMeld/go-send/internal/client/ping_cmd.go:35.39,37.4 1 1
github.com/VinMeld/go-send/internal/client/ping_cmd.go:37.9,39.4 1 0
github.com/VinMeld/go-send/internal/client/root.go:20.22,22.2 1 0
github.com/VinMeld/go-send/internal/client/root.go:24.13,27.2 2 1
github.com/VinMeld/go-send/internal/client/root.go:29.19,32.16 3 0
github.com/VinMeld/go-send/internal/client/root.go:32.16,34.17 2 0
github.com/VinMeld/go-send/internal/client/root.go:34.17,37.4 2 0
github.com/VinMeld/go-send/internal/client/root.go:40.2,41.16 2 0
github.com/VinMeld/go-send/internal/client/root.go:41.16,44.3 2 0
github.com/VinMeld/go-send/internal/client/root.go:47.34,49.2 1 0
github.com/VinMeld/go-send/internal/client/root.go:51.26,53.2 1 0
github.com/VinMeld/go-send/internal/client/root.go:55.31,57.16 2 1
github.com/VinMeld/go-send/internal/client/root.go:57.16,60.17 3 0
github.com/VinMeld/go-send/internal/client/root.go:60.17,62.4 1 0
github.com/VinMeld/go-send/internal/client/root.go:64.2,64.30 1 1
github.com/VinMeld/go-send/internal/client/send_cmd.go:17.13,20.2 2 1
github.com/VinMeld/go-send/internal/client/send_cmd.go:26.47,32.21 4 1
github.com/VinMeld/go-send/internal/client/send_cmd.go:32.21,36.4 2 0
github.com/VinMeld/go-send/internal/client/send_cmd.go:36.9,40.4 2 1
github.com/VinMeld/go-send/internal/client/send_cmd.go:42.3,42.22 1 1
github.com/VinMeld/go-send/internal/client/send_cmd.go:42.22,45.4 2 0
github.com/VinMeld/go-send/internal/client/send_cmd.go:48.3,49.10 2 1
github.com/VinMeld/go-send/internal/client/send_cmd.go:49.10,53.4 2 1
github.com/VinMeld/go-send/internal/client/send_cmd.go:54.3,59.10 4 1
github.com/VinMeld/go-send/internal/client/send_cmd.go:59.10,62.4 2 1
github.com/VinMeld/go-send/internal/client/send_cmd.go:63.3,68.17 4 1
github.com/VinMeld/go-send/internal/client/send_cmd.go:68.17,71.4 2 1
github.com/VinMeld/go-send/internal/client/send_cmd.go:113.3,115.17 3 1
github.com/VinMeld/go-send/internal/client/send_cmd.go:115.17,118.4 2 0
github.com/VinMeld/go-send/internal/client/send_cmd.go:120.3,121.17 2 1
github.com/VinMeld/go-send/internal/client/send_cmd.go:121.17,124.4 2 0
github.com/VinMeld/go-send/internal/client/send_cmd.go:127.3,139.17 3 1
github.com/VinMeld/go-send/internal/client/send_cmd.go:139.17,142.4 2 0
github.com/VinMeld/go-send/internal/client/send_cmd.go:144.3,145.17 2 1
github.com/VinMeld/go-send/internal/client/send_cmd.go:145.17,148.4 2 0
github.com/VinMeld/go-send/internal/client/send_cmd.go:149.3,151.44 2 1
github.com/VinMeld/go-send/internal/client/send_cmd.go:151.44,155.4 3 1
github.com/VinMeld/go-send/internal/client/send_cmd.go:157.3,157.41 1 1
github.com/VinMeld/go-send/internal/client/user_cmd.go:12.13,19.2 6 1
github.com/VinMeld/go-send/internal/client/user_cmd.go:25.47,28.44 3 1
github.com/VinMeld/go-send/internal/client/user_cmd.go:28.44,31.4 2 0
github.com/VinMeld/go-send/internal/client/user_cmd.go:32.3,32.44 1 1
github.com/VinMeld/go-send/internal/client/user_cmd.go:39.47,41.21 2 1
github.com/VinMeld/go-send/internal/client/user_cmd.go:41.21,44.4 2 0
github.com/VinMeld/go-send/internal/client/user_cmd.go:47.3,48.17 2 1
github.com/VinMeld/go-send/internal/client/user_cmd.go:48.17,51.4 2 0
github.com/VinMeld/go-send/internal/client/user_cmd.go:54.3,61.44 4 1
github.com/VinMeld/go-send/internal/client/user_cmd.go:61.44,64.4 2 0
github.com/VinMeld/go-send/internal/client/user_cmd.go:65.3,66.84 2 1
github.com/VinMeld/go-send/internal/client/user_cmd.go:74.47,76.46 2 1
github.com/VinMeld/go-send/internal/client/user_cmd.go:76.46,79.4 2 0
github.com/VinMeld/go-send/internal/client/user_cmd.go:80.3,81.44 2 1
github.com/VinMeld/go-send/internal/client/user_cmd.go:81.44,84.4 2 0
github.com/VinMeld/go-send/internal/client/user_cmd.go:85.3,85.51 1 1
github.com/VinMeld/go-send/internal/client/user_cmd.go:93.47,98.17 4 1
github.com/VinMeld/go-send/internal/client/user_cmd.go:98.17,101.4 2 0
github.com/VinMeld/go-send/internal/client/user_cmd.go:102.3,102.24 1 1
github.com/VinMeld/go-send/internal/client/user_cmd.go:102.24,105.4 2 0
github.com/VinMeld/go-send/internal/client/user_cmd.go:107.3,111.44 2 1
github.com/VinMeld/go-send/internal/client/user_cmd.go:111.44,114.4 2 0
github.com/VinMeld/go-send/internal/client/user_cmd.go:115.3,115.42 1 1
github.com/VinMeld/go-send/internal/client/user_cmd.go:122.47,124.31 2 1
github.com/VinMeld/go-send/internal/client/user_cmd.go:124.31,126.4 1 0
github.com/VinMeld/go-send/internal/client/user_cmd.go:134.47,137.44 3 1
github.com/VinMeld/go-send/internal/client/user_cmd.go:137.44,140.4 2 0
github.com/VinMeld/go-send/internal/client/user_cmd.go:141.3,141.44 1 1
github.com/VinMeld/go-send/internal/client/user_cmd.go:145.13,147.2 1 1
github.com/VinMeld/go-send/internal/server/blob_store.go:20.56,22.2 1 1
github.com/VinMeld/go-send/internal/server/blob_store.go:24.64,27.2 2 1
github.com/VinMeld/go-send/internal/server/blob_store.go:29.57,32.2 2 1
github.com/VinMeld/go-send/internal/server/blob_store.go:34.50,36.67 2 1
github.com/VinMeld/go-send/internal/server/blob_store.go:36.67,38.3 1 0
github.com/VinMeld/go-send/internal/server/blob_store.go:39.2,39.12 1 1
github.com/VinMeld/go-send/internal/server/handler.go:16.44,18.2 1 1
github.com/VinMeld/go-send/internal/server/handler.go:20.64,23.2 2 1
github.com/VinMeld/go-send/internal/server/handler.go:25.72,27.62 2 1
github.com/VinMeld/go-send/internal/server/handler.go:27.62,30.3 2 1
github.com/VinMeld/go-send/internal/server/handler.go:31.2,31.53 1 1
github.com/VinMeld/go-send/internal/server/handler.go:31.53,34.3 2 0
github.com/VinMeld/go-send/internal/server/handler.go:36.2,36.48 1 1
github.com/VinMeld/go-send/internal/server/handler.go:36.48,39.3 2 0
github.com/VinMeld/go-send/internal/server/handler.go:40.2,40.35 1 1
github.com/VinMeld/go-send/internal/server/handler.go:43.67,45.20 2 1
github.com/VinMeld/go-send/internal/server/handler.go:45.20,52.3 2 1
github.com/VinMeld/go-send/internal/server/handler.go:54.2,55.9 2 1
github.com/VinMeld/go-send/internal/server/handler.go:55.9,58.3 2 0
github.com/VinMeld/go-send/internal/server/handler.go:60.2,60.33 1 1
github.com/VinMeld/go-send/internal/server/handler.go:63.70,65.61 2 1
github.com/VinMeld/go-send/internal/server/handler.go:65.61,68.3 2 1
github.com/VinMeld/go-send/internal/server/handler.go:71.2,71.68 1 1
github.com/VinMeld/go-send/internal/server/handler.go:71.68,74.3 2 0
github.com/VinMeld/go-send/internal/server/handler.go:77.2,80.79 3 1
github.com/VinMeld/go-send/internal/server/handler.go:80.79,83.3 2 0
github.com/VinMeld/go-send/internal/server/handler.go:85.2,86.41 2 1
github.com/VinMeld/go-send/internal/server/handler.go:89.69,91.21 2 1
github.com/VinMeld/go-send/internal/server/handler.go:91.21,94.3 2 0
github.com/VinMeld/go-send/internal/server/handler.go:96.2,97.34 2 1
github.com/VinMeld/go-send/internal/server/handler.go:100.72,105.14 2 1
github.com/VinMeld/go-send/internal/server/handler.go:105.14,108.3 2 1
github.com/VinMeld/go-send/internal/server/handler.go:110.2,111.9 2 1
github.com/VinMeld/go-send/internal/server/handler.go:111.9,114.3 2 0
github.com/VinMeld/go-send/internal/server/handler.go:116.2,117.16 2 1
github.com/VinMeld/go-send/internal/server/handler.go:117.16,120.3 2 0
github.com/VinMeld/go-send/internal/server/handler.go:122.2,126.56 2 1
github.com/VinMeld/go-send/internal/server/handler.go:126.56,130.3 1 0
github.com/VinMeld/go-send/internal/server/handler.go:133.2,133.21 1 1
github.com/VinMeld/go-send/internal/server/handler.go:133.21,135.3 1 0
github.com/VinMeld/go-send/internal/server/s3_store.go:26.79,28.16 2 0
github.com/VinMeld/go-send/internal/server/s3_store.go:28.16,30.3 1 0
github.com/VinMeld/go-send/internal/server/s3_store.go:32.2,36.8 2 0
github.com/VinMeld/go-send/internal/server/s3_store.go:39.61,46.2 2 1
github.com/VinMeld/go-send/internal/server/s3_store.go:48.54,53.16 2 1
github.com/VinMeld/go-send/internal/server/s3_store.go:53.16,55.3 1 0
github.com/VinMeld/go-send/internal/server/s3_store.go:56.2,58.30 2 1
github.com/VinMeld/go-send/internal/server/s3_store.go:61.47,67.2 2 1
github.com/VinMeld/go-send/internal/server/server.go:22.65,24.40 1 1
github.com/VinMeld/go-send/internal/server/server.go:24.40,26.3 1 1
github.com/VinMeld/go-send/internal/server/server.go:29.2,32.25 3 1
github.com/VinMeld/go-send/internal/server/server.go:32.25,34.19 2 1
github.com/VinMeld/go-send/internal/server/server.go:34.19,36.4 1 1
github.com/VinMeld/go-send/internal/server/server.go:37.3,40.17 4 0
github.com/VinMeld/go-send/internal/server/server.go:40.17,42.4 1 0
github.com/VinMeld/go-send/internal/server/server.go:43.8,46.3 2 1
github.com/VinMeld/go-send/internal/server/server.go:48.2,49.16 2 1
github.com/VinMeld/go-send/internal/server/server.go:49.16,51.3 1 0
github.com/VinMeld/go-send/internal/server/server.go:53.2,56.71 3 1
github.com/VinMeld/go-send/internal/server/server.go:56.71,57.33 1 0
github.com/VinMeld/go-send/internal/server/server.go:57.33,59.4 1 0
github.com/VinMeld/go-send/internal/server/server.go:59.9,61.4 1 0
github.com/VinMeld/go-send/internal/server/server.go:64.2,64.72 1 1
github.com/VinMeld/go-send/internal/server/server.go:64.72,65.34 1 0
github.com/VinMeld/go-send/internal/server/server.go:65.34,67.4 1 0
github.com/VinMeld/go-send/internal/server/server.go:67.9,67.40 1 0
github.com/VinMeld/go-send/internal/server/server.go:67.40,69.4 1 0
github.com/VinMeld/go-send/internal/server/server.go:69.9,71.4 1 0
github.com/VinMeld/go-send/internal/server/server.go:74.2,74.72 1 1
github.com/VinMeld/go-send/internal/server/server.go:74.72,75.34 1 0
github.com/VinMeld/go-send/internal/server/server.go:75.34,77.4 1 0
github.com/VinMeld/go-send/internal/server/server.go:77.9,77.40 1 0
github.com/VinMeld/go-send/internal/server/server.go:77.40,79.4 1 0
github.com/VinMeld/go-send/internal/server/server.go:79.9,81.4 1 0
github.com/VinMeld/go-send/internal/server/server.go:84.2,84.81 1 1
github.com/VinMeld/go-send/internal/server/server.go:84.81,85.33 1 0
github.com/VinMeld/go-send/internal/server/server.go:85.33,87.4 1 0
github.com/VinMeld/go-send/internal/server/server.go:87.9,89.4 1 0
github.com/VinMeld/go-send/internal/server/server.go:93.2,93.16 1 1
github.com/VinMeld/go-send/internal/server/server.go:93.16,95.3 1 0
github.com/VinMeld/go-send/internal/server/server.go:96.2,96.20 1 1
github.com/VinMeld/go-send/internal/server/server.go:96.20,98.3 1 0
github.com/VinMeld/go-send/internal/server/server.go:100.2,105.8 1 1
github.com/VinMeld/go-send/internal/server/server.go:109.32,112.2 2 0
github.com/VinMeld/go-send/internal/server/storage.go:23.72,30.33 2 1
github.com/VinMeld/go-send/internal/server/storage.go:30.33,32.3 1 0
github.com/VinMeld/go-send/internal/server/storage.go:33.2,33.15 1 1
github.com/VinMeld/go-send/internal/server/storage.go:36.32,37.53 1 1
github.com/VinMeld/go-send/internal/server/storage.go:37.53,39.3 1 0
github.com/VinMeld/go-send/internal/server/storage.go:42.2,43.53 2 1
github.com/VinMeld/go-send/internal/server/storage.go:43.53,44.56 1 1
github.com/VinMeld/go-send/internal/server/storage.go:44.56,46.4 1 1
github.com/VinMeld/go-send/internal/server/storage.go:50.2,51.53 2 1
github.com/VinMeld/go-send/internal/server/storage.go:51.53,52.56 1 1
github.com/VinMeld/go-send/internal/server/storage.go:52.56,54.4 1 1
github.com/VinMeld/go-send/internal/server/storage.go:56.2,56.12 1 1
github.com/VinMeld/go-send/internal/server/storage.go:59.32,63.2 3 1
github.com/VinMeld/go-send/internal/server/storage.go:65.40,68.16 2 1
github.com/VinMeld/go-send/internal/server/storage.go:68.16,70.3 1 0
github.com/VinMeld/go-send/internal/server/storage.go:71.2,71.94 1 1
github.com/VinMeld/go-send/internal/server/storage.go:71.94,73.3 1 0
github.com/VinMeld/go-send/internal/server/storage.go:75.2,76.16 2 1
github.com/VinMeld/go-send/internal/server/storage.go:76.16,78.3 1 0
github.com/VinMeld/go-send/internal/server/storage.go:79.2,79.94 1 1
github.com/VinMeld/go-send/internal/server/storage.go:79.94,81.3 1 0
github.com/VinMeld/go-send/internal/server/storage.go:82.2,82.12 1 1
github.com/VinMeld/go-send/internal/server/storage.go:86.51,91.2 4 1
github.com/VinMeld/go-send/internal/server/storage.go:94.64,99.2 4 1
github.com/VinMeld/go-send/internal/server/storage.go:102.80,107.63 3 1
github.com/VinMeld/go-send/internal/server/storage.go:107.63,109.3 1 0
github.com/VinMeld/go-send/internal/server/storage.go:111.2,125.25 2 1
github.com/VinMeld/go-send/internal/server/storage.go:129.74,134.2 4 1
github.com/VinMeld/go-send/internal/server/storage.go:137.61,139.2 1 1
github.com/VinMeld/go-send/internal/server/storage.go:142.69,146.28 4 1
github.com/VinMeld/go-send/internal/server/storage.go:146.28,147.31 1 1
github.com/VinMeld/go-send/internal/server/storage.go:147.31,149.4 1 1
github.com/VinMeld/go-send/internal/server/storage.go:151.2,151.15 1 1
github.com/VinMeld/go-send/internal/server/storage.go:155.47,159.31 3 1
github.com/VinMeld/go-send/internal/server/storage.go:159.31,161.3 1 0
github.com/VinMeld/go-send/internal/server/storage.go:164.2,164.47 1 1
github.com/VinMeld/go-send/internal/server/storage.go:164.47,166.3 1 0
github.com/VinMeld/go-send/internal/server/storage.go:169.2,171.25 2 1
