mode: set
github.com/VinMeld/go-send/internal/server/auth_handler.go:17.78,19.20 2 1
github.com/VinMeld/go-send/internal/server/auth_handler.go:19.20,22.3 2 0
github.com/VinMeld/go-send/internal/server/auth_handler.go:25.2,25.60 1 1
github.com/VinMeld/go-send/internal/server/auth_handler.go:25.60,28.3 2 1
github.com/VinMeld/go-send/internal/server/auth_handler.go:31.2,32.49 2 1
github.com/VinMeld/go-send/internal/server/auth_handler.go:32.49,35.3 2 0
github.com/VinMeld/go-send/internal/server/auth_handler.go:36.2,38.80 2 1
github.com/VinMeld/go-send/internal/server/auth_handler.go:38.80,42.3 3 0
github.com/VinMeld/go-send/internal/server/auth_handler.go:44.2,48.4 2 1
github.com/VinMeld/go-send/internal/server/auth_handler.go:52.71,54.62 2 1
github.com/VinMeld/go-send/internal/server/auth_handler.go:54.62,57.3 2 0
github.com/VinMeld/go-send/internal/server/auth_handler.go:60.2,61.40 2 1
github.com/VinMeld/go-send/internal/server/auth_handler.go:61.40,64.3 2 1
github.com/VinMeld/go-send/internal/server/auth_handler.go:67.2,68.9 2 1
github.com/VinMeld/go-send/internal/server/auth_handler.go:68.9,71.3 2 0
github.com/VinMeld/go-send/internal/server/auth_handler.go:74.2,74.80 1 1
github.com/VinMeld/go-send/internal/server/auth_handler.go:74.80,78.3 3 0
github.com/VinMeld/go-send/internal/server/auth_handler.go:81.2,87.70 3 1
github.com/VinMeld/go-send/internal/server/auth_handler.go:87.70,91.3 3 0
github.com/VinMeld/go-send/internal/server/auth_handler.go:93.2,94.40 2 1
github.com/VinMeld/go-send/internal/server/blob_store.go:20.56,22.2 1 1
github.com/VinMeld/go-send/internal/server/blob_store.go:24.64,27.2 2 1
github.com/VinMeld/go-send/internal/server/blob_store.go:29.57,32.2 2 1
github.com/VinMeld/go-send/internal/server/blob_store.go:34.50,36.67 2 1
github.com/VinMeld/go-send/internal/server/blob_store.go:36.67,38.3 1 0
github.com/VinMeld/go-send/internal/server/blob_store.go:39.2,39.12 1 1
github.com/VinMeld/go-send/internal/server/handler.go:26.44,28.2 1 1
github.com/VinMeld/go-send/internal/server/handler.go:31.54,33.2 1 0
github.com/VinMeld/go-send/internal/server/handler.go:35.64,38.2 2 1
github.com/VinMeld/go-send/internal/server/handler.go:40.72,41.31 1 1
github.com/VinMeld/go-send/internal/server/handler.go:41.31,43.35 2 0
github.com/VinMeld/go-send/internal/server/handler.go:43.35,47.4 3 0
github.com/VinMeld/go-send/internal/server/handler.go:50.2,51.62 2 1
github.com/VinMeld/go-send/internal/server/handler.go:51.62,55.3 3 1
github.com/VinMeld/go-send/internal/server/handler.go:56.2,56.97 1 1
github.com/VinMeld/go-send/internal/server/handler.go:56.97,59.3 2 0
github.com/VinMeld/go-send/internal/server/handler.go:61.2,61.61 1 1
github.com/VinMeld/go-send/internal/server/handler.go:61.61,65.3 3 0
github.com/VinMeld/go-send/internal/server/handler.go:66.2,67.35 2 1
github.com/VinMeld/go-send/internal/server/handler.go:70.67,72.20 2 1
github.com/VinMeld/go-send/internal/server/handler.go:72.20,75.3 2 1
github.com/VinMeld/go-send/internal/server/handler.go:77.2,78.9 2 1
github.com/VinMeld/go-send/internal/server/handler.go:78.9,81.3 2 0
github.com/VinMeld/go-send/internal/server/handler.go:83.2,83.37 1 1
github.com/VinMeld/go-send/internal/server/handler.go:86.70,88.61 2 1
github.com/VinMeld/go-send/internal/server/handler.go:88.61,92.3 3 1
github.com/VinMeld/go-send/internal/server/handler.go:95.2,95.68 1 1
github.com/VinMeld/go-send/internal/server/handler.go:95.68,98.3 2 0
github.com/VinMeld/go-send/internal/server/handler.go:101.2,104.92 3 1
github.com/VinMeld/go-send/internal/server/handler.go:104.92,108.3 3 0
github.com/VinMeld/go-send/internal/server/handler.go:109.2,112.45 3 1
github.com/VinMeld/go-send/internal/server/handler.go:115.69,117.21 2 1
github.com/VinMeld/go-send/internal/server/handler.go:117.21,120.3 2 0
github.com/VinMeld/go-send/internal/server/handler.go:122.2,123.16 2 1
github.com/VinMeld/go-send/internal/server/handler.go:123.16,127.3 3 0
github.com/VinMeld/go-send/internal/server/handler.go:128.2,128.38 1 1
github.com/VinMeld/go-send/internal/server/handler.go:131.72,133.14 2 1
github.com/VinMeld/go-send/internal/server/handler.go:133.14,136.3 2 1
github.com/VinMeld/go-send/internal/server/handler.go:138.2,139.9 2 1
github.com/VinMeld/go-send/internal/server/handler.go:139.9,142.3 2 0
github.com/VinMeld/go-send/internal/server/handler.go:144.2,145.16 2 1
github.com/VinMeld/go-send/internal/server/handler.go:145.16,149.3 3 0
github.com/VinMeld/go-send/internal/server/handler.go:150.2,156.56 3 1
github.com/VinMeld/go-send/internal/server/handler.go:156.56,158.3 1 0
github.com/VinMeld/go-send/internal/server/handler.go:161.2,161.21 1 1
github.com/VinMeld/go-send/internal/server/handler.go:161.21,163.3 1 1
github.com/VinMeld/go-send/internal/server/handler.go:167.74,168.54 1 1
github.com/VinMeld/go-send/internal/server/handler.go:168.54,170.23 2 1
github.com/VinMeld/go-send/internal/server/handler.go:170.23,173.4 2 1
github.com/VinMeld/go-send/internal/server/handler.go:176.3,177.46 2 1
github.com/VinMeld/go-send/internal/server/handler.go:177.46,180.4 2 0
github.com/VinMeld/go-send/internal/server/handler.go:182.3,184.50 3 1
github.com/VinMeld/go-send/internal/server/handler.go:184.50,185.10 1 1
github.com/VinMeld/go-send/internal/server/handler.go:185.10,187.5 1 0
github.com/VinMeld/go-send/internal/server/handler.go:188.4,189.10 2 1
github.com/VinMeld/go-send/internal/server/handler.go:193.3,194.40 2 1
github.com/VinMeld/go-send/internal/server/handler.go:199.69,201.20 1 0
github.com/VinMeld/go-send/internal/server/handler.go:202.15,203.15 1 0
github.com/VinMeld/go-send/internal/server/handler.go:204.16,205.34 1 0
github.com/VinMeld/go-send/internal/server/handler.go:205.34,207.4 1 0
github.com/VinMeld/go-send/internal/server/handler.go:207.9,207.40 1 0
github.com/VinMeld/go-send/internal/server/handler.go:207.40,209.4 1 0
github.com/VinMeld/go-send/internal/server/handler.go:209.9,211.4 1 0
github.com/VinMeld/go-send/internal/server/handler.go:212.16,213.34 1 0
github.com/VinMeld/go-send/internal/server/handler.go:213.34,215.4 1 0
github.com/VinMeld/go-send/internal/server/handler.go:215.9,215.40 1 0
github.com/VinMeld/go-send/internal/server/handler.go:215.40,217.4 1 0
github.com/VinMeld/go-send/internal/server/handler.go:217.9,217.43 1 0
github.com/VinMeld/go-send/internal/server/handler.go:217.43,219.4 1 0
github.com/VinMeld/go-send/internal/server/handler.go:219.9,221.4 1 0
github.com/VinMeld/go-send/internal/server/handler.go:222.25,223.33 1 0
github.com/VinMeld/go-send/internal/server/handler.go:223.33,225.4 1 0
github.com/VinMeld/go-send/internal/server/handler.go:225.9,227.4 1 0
github.com/VinMeld/go-send/internal/server/handler.go:228.25,229.33 1 0
github.com/VinMeld/go-send/internal/server/handler.go:229.33,231.4 1 0
github.com/VinMeld/go-send/internal/server/handler.go:231.9,233.4 1 0
github.com/VinMeld/go-send/internal/server/handler.go:234.21,235.34 1 0
github.com/VinMeld/go-send/internal/server/handler.go:235.34,237.4 1 0
github.com/VinMeld/go-send/internal/server/handler.go:237.9,239.4 1 0
github.com/VinMeld/go-send/internal/server/handler.go:240.10,241.22 1 0
github.com/VinMeld/go-send/internal/server/handler_delete.go:9.70,11.14 2 1
github.com/VinMeld/go-send/internal/server/handler_delete.go:11.14,14.3 2 0
github.com/VinMeld/go-send/internal/server/handler_delete.go:17.2,18.9 2 1
github.com/VinMeld/go-send/internal/server/handler_delete.go:18.9,21.3 2 0
github.com/VinMeld/go-send/internal/server/handler_delete.go:23.2,24.9 2 1
github.com/VinMeld/go-send/internal/server/handler_delete.go:24.9,27.3 2 1
github.com/VinMeld/go-send/internal/server/handler_delete.go:30.2,30.59 1 1
github.com/VinMeld/go-send/internal/server/handler_delete.go:30.59,33.3 2 1
github.com/VinMeld/go-send/internal/server/handler_delete.go:35.2,35.62 1 1
github.com/VinMeld/go-send/internal/server/handler_delete.go:35.62,39.3 3 0
github.com/VinMeld/go-send/internal/server/handler_delete.go:41.2,42.30 2 1
github.com/VinMeld/go-send/internal/server/s3_store.go:26.94,28.18 2 0
github.com/VinMeld/go-send/internal/server/s3_store.go:28.18,30.3 1 0
github.com/VinMeld/go-send/internal/server/s3_store.go:31.2,32.16 2 0
github.com/VinMeld/go-send/internal/server/s3_store.go:32.16,34.3 1 0
github.com/VinMeld/go-send/internal/server/s3_store.go:36.2,40.8 2 0
github.com/VinMeld/go-send/internal/server/s3_store.go:43.61,50.2 2 1
github.com/VinMeld/go-send/internal/server/s3_store.go:52.54,57.16 2 1
github.com/VinMeld/go-send/internal/server/s3_store.go:57.16,59.3 1 0
github.com/VinMeld/go-send/internal/server/s3_store.go:60.2,60.15 1 1
github.com/VinMeld/go-send/internal/server/s3_store.go:60.15,60.40 1 1
github.com/VinMeld/go-send/internal/server/s3_store.go:62.2,62.30 1 1
github.com/VinMeld/go-send/internal/server/s3_store.go:65.47,71.2 2 1
github.com/VinMeld/go-send/internal/server/server.go:23.65,25.40 1 1
github.com/VinMeld/go-send/internal/server/server.go:25.40,27.3 1 1
github.com/VinMeld/go-send/internal/server/server.go:29.2,33.25 4 1
github.com/VinMeld/go-send/internal/server/server.go:33.25,35.19 2 1
github.com/VinMeld/go-send/internal/server/server.go:35.19,37.4 1 1
github.com/VinMeld/go-send/internal/server/server.go:38.3,41.21 4 0
github.com/VinMeld/go-send/internal/server/server.go:41.21,43.4 1 0
github.com/VinMeld/go-send/internal/server/server.go:44.3,44.49 1 0
github.com/VinMeld/go-send/internal/server/server.go:45.8,46.23 1 1
github.com/VinMeld/go-send/internal/server/server.go:46.23,48.4 1 0
github.com/VinMeld/go-send/internal/server/server.go:49.3,49.23 1 1
github.com/VinMeld/go-send/internal/server/server.go:49.23,51.4 1 0
github.com/VinMeld/go-send/internal/server/server.go:52.3,54.49 3 1
github.com/VinMeld/go-send/internal/server/server.go:56.2,56.16 1 1
github.com/VinMeld/go-send/internal/server/server.go:56.16,58.3 1 0
github.com/VinMeld/go-send/internal/server/server.go:60.2,61.59 2 1
github.com/VinMeld/go-send/internal/server/server.go:61.59,64.3 2 0
github.com/VinMeld/go-send/internal/server/server.go:66.2,67.71 2 1
github.com/VinMeld/go-send/internal/server/server.go:67.71,68.33 1 0
github.com/VinMeld/go-send/internal/server/server.go:68.33,70.4 1 0
github.com/VinMeld/go-send/internal/server/server.go:70.9,72.4 1 0
github.com/VinMeld/go-send/internal/server/server.go:75.2,75.72 1 1
github.com/VinMeld/go-send/internal/server/server.go:75.72,76.19 1 0
github.com/VinMeld/go-send/internal/server/server.go:77.24,78.24 1 0
github.com/VinMeld/go-send/internal/server/server.go:79.23,80.19 1 0
github.com/VinMeld/go-send/internal/server/server.go:81.11,82.68 1 0
github.com/VinMeld/go-send/internal/server/server.go:86.2,86.81 1 1
github.com/VinMeld/go-send/internal/server/server.go:86.81,87.33 1 0
github.com/VinMeld/go-send/internal/server/server.go:87.33,89.4 1 0
github.com/VinMeld/go-send/internal/server/server.go:89.9,91.4 1 0
github.com/VinMeld/go-send/internal/server/server.go:94.2,94.77 1 1
github.com/VinMeld/go-send/internal/server/server.go:94.77,95.34 1 0
github.com/VinMeld/go-send/internal/server/server.go:95.34,97.4 1 0
github.com/VinMeld/go-send/internal/server/server.go:97.9,99.4 1 0
github.com/VinMeld/go-send/internal/server/server.go:102.2,102.72 1 1
github.com/VinMeld/go-send/internal/server/server.go:102.72,103.19 1 0
github.com/VinMeld/go-send/internal/server/server.go:104.24,105.40 1 0
github.com/VinMeld/go-send/internal/server/server.go:106.23,107.39 1 0
github.com/VinMeld/go-send/internal/server/server.go:108.26,109.40 1 0
github.com/VinMeld/go-send/internal/server/server.go:110.11,111.68 1 0
github.com/VinMeld/go-send/internal/server/server.go:115.2,115.81 1 1
github.com/VinMeld/go-send/internal/server/server.go:115.81,116.33 1 0
github.com/VinMeld/go-send/internal/server/server.go:116.33,118.4 1 0
github.com/VinMeld/go-send/internal/server/server.go:118.9,120.4 1 0
github.com/VinMeld/go-send/internal/server/server.go:124.2,124.16 1 1
github.com/VinMeld/go-send/internal/server/server.go:124.16,126.3 1 0
github.com/VinMeld/go-send/internal/server/server.go:127.2,127.20 1 1
github.com/VinMeld/go-send/internal/server/server.go:127.20,129.3 1 0
github.com/VinMeld/go-send/internal/server/server.go:131.2,137.8 1 1
github.com/VinMeld/go-send/internal/server/server.go:141.32,144.2 2 0
github.com/VinMeld/go-send/internal/server/storage.go:23.72,24.51 1 1
github.com/VinMeld/go-send/internal/server/storage.go:24.51,26.3 1 0
github.com/VinMeld/go-send/internal/server/storage.go:28.2,30.16 3 1
github.com/VinMeld/go-send/internal/server/storage.go:30.16,32.3 1 0
github.com/VinMeld/go-send/internal/server/storage.go:43.2,79.49 2 1
github.com/VinMeld/go-send/internal/server/storage.go:79.49,82.3 2 0
github.com/VinMeld/go-send/internal/server/storage.go:84.2,88.8 1 1
github.com/VinMeld/go-send/internal/server/storage.go:92.33,94.2 1 0
github.com/VinMeld/go-send/internal/server/storage.go:97.72,103.2 1 1
github.com/VinMeld/go-send/internal/server/storage.go:106.85,108.16 2 1
github.com/VinMeld/go-send/internal/server/storage.go:108.16,109.27 1 1
github.com/VinMeld/go-send/internal/server/storage.go:109.27,111.4 1 1
github.com/VinMeld/go-send/internal/server/storage.go:113.3,113.30 1 0
github.com/VinMeld/go-send/internal/server/storage.go:115.2,119.9 1 1
github.com/VinMeld/go-send/internal/server/storage.go:123.101,125.63 1 1
github.com/VinMeld/go-send/internal/server/storage.go:125.63,127.3 1 0
github.com/VinMeld/go-send/internal/server/storage.go:130.2,138.4 1 1
github.com/VinMeld/go-send/internal/server/storage.go:142.95,144.16 2 1
github.com/VinMeld/go-send/internal/server/storage.go:144.16,146.3 1 1
github.com/VinMeld/go-send/internal/server/storage.go:147.2,155.9 1 1
github.com/VinMeld/go-send/internal/server/storage.go:159.61,161.2 1 1
github.com/VinMeld/go-send/internal/server/storage.go:164.99,166.16 2 1
github.com/VinMeld/go-send/internal/server/storage.go:166.16,168.3 1 0
github.com/VinMeld/go-send/internal/server/storage.go:169.2,170.26 2 1
github.com/VinMeld/go-send/internal/server/storage.go:170.26,180.3 1 1
github.com/VinMeld/go-send/internal/server/storage.go:181.2,181.20 1 1
github.com/VinMeld/go-send/internal/server/storage.go:185.68,187.47 1 1
github.com/VinMeld/go-send/internal/server/storage.go:187.47,189.3 1 0
github.com/VinMeld/go-send/internal/server/storage.go:191.2,191.38 1 1
github.com/VinMeld/go-send/internal/server/storage.go:195.93,200.2 1 1
github.com/VinMeld/go-send/internal/server/storage.go:203.85,205.16 2 1
github.com/VinMeld/go-send/internal/server/storage.go:205.16,207.3 1 1
github.com/VinMeld/go-send/internal/server/storage.go:209.2,210.20 2 1
github.com/VinMeld/go-send/internal/server/storage.go:214.84,220.2 1 1
github.com/VinMeld/go-send/internal/server/storage.go:223.88,225.16 2 1
github.com/VinMeld/go-send/internal/server/storage.go:225.16,227.3 1 1
github.com/VinMeld/go-send/internal/server/storage.go:228.2,232.9 1 1
github.com/VinMeld/go-send/internal/server/storage.go:236.74,238.2 1 1
